{"C:\\Users\\yoavm\\Desktop\\קורס חדש iitc\\git users\\SQL_NODE\\server.js": {"path":"C:\\Users\\yoavm\\Desktop\\קורס חדש iitc\\git users\\SQL_NODE\\server.js","statementMap":{"0":{"start":{"line":1,"column":16},"end":{"line":1,"column":34}},"1":{"start":{"line":2,"column":12},"end":{"line":2,"column":28}},"2":{"start":{"line":3,"column":14},"end":{"line":3,"column":30}},"3":{"start":{"line":4,"column":0},"end":{"line":4,"column":27}},"4":{"start":{"line":6,"column":12},"end":{"line":6,"column":21}},"5":{"start":{"line":7,"column":13},"end":{"line":7,"column":17}},"6":{"start":{"line":9,"column":0},"end":{"line":24,"column":2}},"7":{"start":{"line":10,"column":2},"end":{"line":23,"column":3}},"8":{"start":{"line":11,"column":21},"end":{"line":11,"column":41}},"9":{"start":{"line":16,"column":4},"end":{"line":16,"column":33}},"10":{"start":{"line":17,"column":4},"end":{"line":17,"column":20}},"11":{"start":{"line":20,"column":4},"end":{"line":20,"column":39}},"12":{"start":{"line":22,"column":4},"end":{"line":22,"column":26}},"13":{"start":{"line":26,"column":0},"end":{"line":26,"column":61}},"14":{"start":{"line":37,"column":0},"end":{"line":37,"column":25}},"15":{"start":{"line":126,"column":0},"end":{"line":126,"column":21}}},"fnMap":{"0":{"name":"(anonymous_0)","decl":{"start":{"line":9,"column":24},"end":{"line":9,"column":25}},"loc":{"start":{"line":9,"column":39},"end":{"line":24,"column":1}},"line":9}},"branchMap":{},"s":{"0":1,"1":1,"2":1,"3":1,"4":1,"5":1,"6":1,"7":6,"8":6,"9":5,"10":5,"11":1,"12":1,"13":1,"14":1,"15":1},"f":{"0":6},"b":{},"_coverageSchema":"1a1c01bbd47fc00a2c39e90264f33305004495a9","hash":"d0410c1a250d02c3eeb92e24eff6056cab63a345"}
}
